0 info it worked if it ends with ok
1 verbose cli [ 'C:\\Program Files\\nodejs\\node.exe',
1 verbose cli   'C:\\ProgramData\\chocolatey\\lib\\npm.1.4.9.20150213\\tools\\node_modules\\npm\\bin\\npm-cli.js',
1 verbose cli   'start' ]
2 info using npm@1.4.9
3 info using node@v5.9.0
4 warn invalid config proxy=""
5 warn invalid config Must be a full url with 'http://'
6 verbose run-script [ 'prestart', 'start', 'poststart' ]
7 info prestart angular2-quickstart@1.0.0
8 info start angular2-quickstart@1.0.0
9 verbose unsafe-perm in lifecycle true
10 info angular2-quickstart@1.0.0 Failed to exec start script
11 error angular2-quickstart@1.0.0 start: `tsc && concurrently "tsc -w" "lite-server" `
11 error Exit status 2
12 error Failed at the angular2-quickstart@1.0.0 start script.
12 error This is most likely a problem with the angular2-quickstart package,
12 error not with npm itself.
12 error Tell the author that this fails on your system:
12 error     tsc && concurrently "tsc -w" "lite-server"
12 error You can get their info via:
12 error     npm owner ls angular2-quickstart
12 error There is likely additional logging output above.
13 error System Windows_NT 6.1.7601
14 error command "C:\\Program Files\\nodejs\\node.exe" "C:\\ProgramData\\chocolatey\\lib\\npm.1.4.9.20150213\\tools\\node_modules\\npm\\bin\\npm-cli.js" "start"
15 error cwd d:\GitHub\angular2-quickstart
16 error node -v v5.9.0
17 error npm -v 1.4.9
18 error code ELIFECYCLE
19 verbose exit [ 1, true ]
